# JRE version: Java(TM) SE Runtime Environment (11.0.2+9) (build 11.0.2+9-LTS)
# Java VM: Java HotSpot(TM) 64-Bit Server VM (11.0.2+9-LTS, mixed mode, tiered, compressed oops, g1 gc, windows-amd64)
Heap:
 garbage-first heap   total 258048K, used 79058K [0x0000000705600000, 0x0000000800000000)
  region size 1024K, 70 young (71680K), 7 survivors (7168K)
 Metaspace       used 43249K, capacity 44218K, committed 44416K, reserved 1087488K
  class space    used 5311K, capacity 5720K, committed 5760K, reserved 1048576K
GC Heap History (10 events):
Event: 0.648 GC heap before
{Heap before GC invocations=0 (full 0):
 garbage-first heap   total 258048K, used 25600K [0x0000000705600000, 0x0000000800000000)
  region size 1024K, 24 young (24576K), 0 survivors (0K)
 Metaspace       used 13928K, capacity 14234K, committed 14336K, reserved 1062912K
  class space    used 1382K, capacity 1448K, committed 1536K, reserved 1048576K
}
Event: 0.653 GC heap after
{Heap after GC invocations=1 (full 0):
 garbage-first heap   total 258048K, used 8427K [0x0000000705600000, 0x0000000800000000)
  region size 1024K, 3 young (3072K), 3 survivors (3072K)
 Metaspace       used 13928K, capacity 14234K, committed 14336K, reserved 1062912K
  class space    used 1382K, capacity 1448K, committed 1536K, reserved 1048576K
}
Event: 0.755 GC heap before
{Heap before GC invocations=1 (full 0):
 garbage-first heap   total 258048K, used 27883K [0x0000000705600000, 0x0000000800000000)
  region size 1024K, 22 young (22528K), 3 survivors (3072K)
 Metaspace       used 15903K, capacity 16179K, committed 16384K, reserved 1064960K
  class space    used 1660K, capacity 1737K, committed 1792K, reserved 1048576K
}
Event: 0.757 GC heap after
{Heap after GC invocations=2 (full 0):
 garbage-first heap   total 258048K, used 8933K [0x0000000705600000, 0x0000000800000000)
  region size 1024K, 1 young (1024K), 1 survivors (1024K)
 Metaspace       used 15903K, capacity 16179K, committed 16384K, reserved 1064960K
  class space    used 1660K, capacity 1737K, committed 1792K, reserved 1048576K
}
Event: 1.000 GC heap before
{Heap before GC invocations=2 (full 0):
 garbage-first heap   total 258048K, used 33509K [0x0000000705600000, 0x0000000800000000)
  region size 1024K, 26 young (26624K), 1 survivors (1024K)
 Metaspace       used 20674K, capacity 21123K, committed 21248K, reserved 1069056K
  class space    used 2286K, capacity 2473K, committed 2560K, reserved 1048576K
}
Event: 1.003 GC heap after
{Heap after GC invocations=3 (full 0):
 garbage-first heap   total 258048K, used 10489K [0x0000000705600000, 0x0000000800000000)
  region size 1024K, 3 young (3072K), 3 survivors (3072K)
 Metaspace       used 20674K, capacity 21123K, committed 21248K, reserved 1069056K
  class space    used 2286K, capacity 2473K, committed 2560K, reserved 1048576K
}
Event: 3.373 GC heap before
{Heap before GC invocations=4 (full 0):
 garbage-first heap   total 258048K, used 71929K [0x0000000705600000, 0x0000000800000000)
  region size 1024K, 63 young (64512K), 3 survivors (3072K)
 Metaspace       used 30773K, capacity 31503K, committed 31744K, reserved 1077248K
  class space    used 3750K, capacity 4014K, committed 4096K, reserved 1048576K
}
Event: 3.377 GC heap after
{Heap after GC invocations=5 (full 0):
 garbage-first heap   total 258048K, used 13794K [0x0000000705600000, 0x0000000800000000)
  region size 1024K, 6 young (6144K), 6 survivors (6144K)
 Metaspace       used 30773K, capacity 31503K, committed 31744K, reserved 1077248K
  class space    used 3750K, capacity 4014K, committed 4096K, reserved 1048576K
}
Event: 12.594 GC heap before
{Heap before GC invocations=5 (full 0):
 garbage-first heap   total 258048K, used 36322K [0x0000000705600000, 0x0000000800000000)
  region size 1024K, 29 young (29696K), 6 survivors (6144K)
 Metaspace       used 34890K, capacity 35764K, committed 35840K, reserved 1081344K
  class space    used 4290K, capacity 4588K, committed 4608K, reserved 1048576K
}
Event: 12.601 GC heap after
{Heap after GC invocations=6 (full 0):
 garbage-first heap   total 258048K, used 15570K [0x0000000705600000, 0x0000000800000000)
  region size 1024K, 7 young (7168K), 7 survivors (7168K)
 Metaspace       used 34890K, capacity 35764K, committed 35840K, reserved 1081344K
  class space    used 4290K, capacity 4588K, committed 4608K, reserved 1048576K
}

