# JRE version: Java(TM) SE Runtime Environment (11.0.2+9) (build 11.0.2+9-LTS)
# Java VM: Java HotSpot(TM) 64-Bit Server VM (11.0.2+9-LTS, mixed mode, tiered, compressed oops, g1 gc, windows-amd64)
Heap:
 garbage-first heap   total 258048K, used 13908K [0x0000000705600000, 0x0000000800000000)
  region size 1024K, 7 young (7168K), 4 survivors (4096K)
 Metaspace       used 27662K, capacity 28205K, committed 28544K, reserved 1075200K
  class space    used 3371K, capacity 3601K, committed 3712K, reserved 1048576K
GC Heap History (6 events):
Event: 0.680 GC heap before
{Heap before GC invocations=0 (full 0):
 garbage-first heap   total 258048K, used 24576K [0x0000000705600000, 0x0000000800000000)
  region size 1024K, 24 young (24576K), 0 survivors (0K)
 Metaspace       used 13972K, capacity 14234K, committed 14336K, reserved 1062912K
  class space    used 1389K, capacity 1448K, committed 1536K, reserved 1048576K
}
Event: 0.685 GC heap after
{Heap after GC invocations=1 (full 0):
 garbage-first heap   total 258048K, used 8024K [0x0000000705600000, 0x0000000800000000)
  region size 1024K, 3 young (3072K), 3 survivors (3072K)
 Metaspace       used 13972K, capacity 14234K, committed 14336K, reserved 1062912K
  class space    used 1389K, capacity 1448K, committed 1536K, reserved 1048576K
}
Event: 1.109 GC heap before
{Heap before GC invocations=1 (full 0):
 garbage-first heap   total 258048K, used 51032K [0x0000000705600000, 0x0000000800000000)
  region size 1024K, 46 young (47104K), 3 survivors (3072K)
 Metaspace       used 20665K, capacity 21123K, committed 21248K, reserved 1069056K
  class space    used 2285K, capacity 2473K, committed 2560K, reserved 1048576K
}
Event: 1.115 GC heap after
{Heap after GC invocations=2 (full 0):
 garbage-first heap   total 258048K, used 10044K [0x0000000705600000, 0x0000000800000000)
  region size 1024K, 5 young (5120K), 5 survivors (5120K)
 Metaspace       used 20665K, capacity 21123K, committed 21248K, reserved 1069056K
  class space    used 2285K, capacity 2473K, committed 2560K, reserved 1048576K
}
Event: 2.659 GC heap before
{Heap before GC invocations=3 (full 0):
 garbage-first heap   total 258048K, used 54076K [0x0000000705600000, 0x0000000800000000)
  region size 1024K, 48 young (49152K), 5 survivors (5120K)
 Metaspace       used 27066K, capacity 27685K, committed 27904K, reserved 1073152K
  class space    used 3294K, capacity 3534K, committed 3584K, reserved 1048576K
}
Event: 2.664 GC heap after
{Heap after GC invocations=4 (full 0):
 garbage-first heap   total 258048K, used 11860K [0x0000000705600000, 0x0000000800000000)
  region size 1024K, 4 young (4096K), 4 survivors (4096K)
 Metaspace       used 27066K, capacity 27685K, committed 27904K, reserved 1073152K
  class space    used 3294K, capacity 3534K, committed 3584K, reserved 1048576K
}

